2025.10.07 20:39:31 INFO  Started: Metals version 1.6.2 in folders 'C:\Users\ASUS\Desktop\Pruebas de software [Electiva LINEA ENFASÍS IN DE SOF Y SIS DE IN]\Entregas\Practica 4\UDEA_GatlingPS' for client Visual Studio Code 1.103.2.[0m
2025.10.07 20:40:22 WARN  no build target for: C:\Users\ASUS\Desktop\Pruebas de software [Electiva LINEA ENFASÍS IN DE SOF Y SIS DE IN]\Entregas\Practica 4\UDEA_GatlingPS\src\test\scala\parabank\LoginTest.scala[0m
2025.10.07 20:40:22 INFO  no build target found for C:\Users\ASUS\Desktop\Pruebas de software [Electiva LINEA ENFASÍS IN DE SOF Y SIS DE IN]\Entregas\Practica 4\UDEA_GatlingPS\src\test\scala\parabank\LoginTest.scala. Using presentation compiler with project's scala-library version: 3.3.6[0m
2025.10.07 20:40:28 INFO  no build target found for C:\Users\ASUS\Desktop\Pruebas de software [Electiva LINEA ENFASÍS IN DE SOF Y SIS DE IN]\Entregas\Practica 4\UDEA_GatlingPS\src\test\scala\parabank\LoginTest.scala. Using presentation compiler with project's scala-library version: 3.3.6[0m
2025.10.07 20:40:28 INFO  no build target found for C:\Users\ASUS\Desktop\Pruebas de software [Electiva LINEA ENFASÍS IN DE SOF Y SIS DE IN]\Entregas\Practica 4\UDEA_GatlingPS\src\test\scala\parabank\LoginTest.scala. Using presentation compiler with project's scala-library version: 3.3.6[0m
oct 07, 2025 8:40:28 P. M. org.eclipse.lsp4j.jsonrpc.RemoteEndpoint handleCancellation
ADVERTENCIA: Unmatched cancel notification for request id 1
2025.10.07 20:40:28 INFO  no build target found for C:\Users\ASUS\Desktop\Pruebas de software [Electiva LINEA ENFASÍS IN DE SOF Y SIS DE IN]\Entregas\Practica 4\UDEA_GatlingPS\src\test\scala\parabank\LoginTest.scala. Using presentation compiler with project's scala-library version: 3.3.6[0m
2025.10.07 20:40:53 INFO  no build target found for C:\Users\ASUS\Desktop\Pruebas de software [Electiva LINEA ENFASÍS IN DE SOF Y SIS DE IN]\Entregas\Practica 4\UDEA_GatlingPS\src\test\scala\parabank\LoginTest.scala. Using presentation compiler with project's scala-library version: 3.3.6[0m
2025.10.07 20:40:56 INFO  no build target found for C:\Users\ASUS\Desktop\Pruebas de software [Electiva LINEA ENFASÍS IN DE SOF Y SIS DE IN]\Entregas\Practica 4\UDEA_GatlingPS\src\test\scala\parabank\LoginTest.scala. Using presentation compiler with project's scala-library version: 3.3.6[0m
2025.10.07 20:42:24 INFO  no build target found for C:\Users\ASUS\Desktop\Pruebas de software [Electiva LINEA ENFASÍS IN DE SOF Y SIS DE IN]\Entregas\Practica 4\UDEA_GatlingPS\src\test\scala\parabank\RegisterTest.scala. Using presentation compiler with project's scala-library version: 3.3.6[0m
2025.10.07 20:42:25 WARN  Could not find semantic tokens for: file:///C:/Users/ASUS/Desktop/Pruebas%20de%20software%20%5BElectiva%20LINEA%20ENFASÍS%20IN%20DE%20SOF%20Y%20SIS%20DE%20IN%5D/Entregas/Practica%204/UDEA_GatlingPS/src/test/scala/parabank/RegisterTest.scala[0m
2025.10.07 20:42:26 INFO  no build target found for C:\Users\ASUS\Desktop\Pruebas de software [Electiva LINEA ENFASÍS IN DE SOF Y SIS DE IN]\Entregas\Practica 4\UDEA_GatlingPS\src\test\scala\parabank\RegisterTest.scala. Using presentation compiler with project's scala-library version: 3.3.6[0m
2025.10.07 20:42:27 INFO  no build target found for C:\Users\ASUS\Desktop\Pruebas de software [Electiva LINEA ENFASÍS IN DE SOF Y SIS DE IN]\Entregas\Practica 4\UDEA_GatlingPS\src\test\scala\parabank\RegisterTest.scala. Using presentation compiler with project's scala-library version: 3.3.6[0m
2025.10.07 20:42:27 WARN  no build target for: C:\Users\ASUS\Desktop\Pruebas de software [Electiva LINEA ENFASÍS IN DE SOF Y SIS DE IN]\Entregas\Practica 4\UDEA_GatlingPS\src\test\scala\parabank\RegisterTest.scala[0m
2025.10.07 20:42:27 INFO  no build target found for C:\Users\ASUS\Desktop\Pruebas de software [Electiva LINEA ENFASÍS IN DE SOF Y SIS DE IN]\Entregas\Practica 4\UDEA_GatlingPS\src\test\scala\parabank\RegisterTest.scala. Using presentation compiler with project's scala-library version: 3.3.6[0m
2025.10.07 20:42:27 INFO  no build target found for C:\Users\ASUS\Desktop\Pruebas de software [Electiva LINEA ENFASÍS IN DE SOF Y SIS DE IN]\Entregas\Practica 4\UDEA_GatlingPS\src\test\scala\parabank\RegisterTest.scala. Using presentation compiler with project's scala-library version: 3.3.6[0m
2025.10.07 20:42:27 INFO  no build target found for C:\Users\ASUS\Desktop\Pruebas de software [Electiva LINEA ENFASÍS IN DE SOF Y SIS DE IN]\Entregas\Practica 4\UDEA_GatlingPS\src\test\scala\parabank\RegisterTest.scala. Using presentation compiler with project's scala-library version: 3.3.6[0m
2025.10.07 20:42:41 INFO  no build target found for C:\Users\ASUS\Desktop\Pruebas de software [Electiva LINEA ENFASÍS IN DE SOF Y SIS DE IN]\Entregas\Practica 4\UDEA_GatlingPS\src\test\scala\parabank\RegisterTest.scala. Using presentation compiler with project's scala-library version: 3.3.6[0m
2025.10.07 20:43:05 INFO  no build target found for C:\Users\ASUS\Desktop\Pruebas de software [Electiva LINEA ENFASÍS IN DE SOF Y SIS DE IN]\Entregas\Practica 4\UDEA_GatlingPS\src\test\scala\parabank\OverviewTest.scala. Using presentation compiler with project's scala-library version: 3.3.6[0m
2025.10.07 20:43:05 WARN  Could not find semantic tokens for: file:///C:/Users/ASUS/Desktop/Pruebas%20de%20software%20%5BElectiva%20LINEA%20ENFASÍS%20IN%20DE%20SOF%20Y%20SIS%20DE%20IN%5D/Entregas/Practica%204/UDEA_GatlingPS/src/test/scala/parabank/OverviewTest.scala[0m
2025.10.07 20:43:12 INFO  no build target found for C:\Users\ASUS\Desktop\Pruebas de software [Electiva LINEA ENFASÍS IN DE SOF Y SIS DE IN]\Entregas\Practica 4\UDEA_GatlingPS\src\test\scala\parabank\OverviewTest.scala. Using presentation compiler with project's scala-library version: 3.3.6[0m
2025.10.07 20:43:12 INFO  no build target found for C:\Users\ASUS\Desktop\Pruebas de software [Electiva LINEA ENFASÍS IN DE SOF Y SIS DE IN]\Entregas\Practica 4\UDEA_GatlingPS\src\test\scala\parabank\OverviewTest.scala. Using presentation compiler with project's scala-library version: 3.3.6[0m
2025.10.07 20:43:13 WARN  no build target for: C:\Users\ASUS\Desktop\Pruebas de software [Electiva LINEA ENFASÍS IN DE SOF Y SIS DE IN]\Entregas\Practica 4\UDEA_GatlingPS\src\test\scala\parabank\OverviewTest.scala[0m
2025.10.07 20:43:12 INFO  no build target found for C:\Users\ASUS\Desktop\Pruebas de software [Electiva LINEA ENFASÍS IN DE SOF Y SIS DE IN]\Entregas\Practica 4\UDEA_GatlingPS\src\test\scala\parabank\OverviewTest.scala. Using presentation compiler with project's scala-library version: 3.3.6[0m
2025.10.07 20:43:13 INFO  no build target found for C:\Users\ASUS\Desktop\Pruebas de software [Electiva LINEA ENFASÍS IN DE SOF Y SIS DE IN]\Entregas\Practica 4\UDEA_GatlingPS\src\test\scala\parabank\OverviewTest.scala. Using presentation compiler with project's scala-library version: 3.3.6[0m
2025.10.07 20:43:33 INFO  no build target found for C:\Users\ASUS\Desktop\Pruebas de software [Electiva LINEA ENFASÍS IN DE SOF Y SIS DE IN]\Entregas\Practica 4\UDEA_GatlingPS\src\test\scala\parabank\TransferTest.scala. Using presentation compiler with project's scala-library version: 3.3.6[0m
2025.10.07 20:43:33 WARN  Could not find semantic tokens for: file:///C:/Users/ASUS/Desktop/Pruebas%20de%20software%20%5BElectiva%20LINEA%20ENFASÍS%20IN%20DE%20SOF%20Y%20SIS%20DE%20IN%5D/Entregas/Practica%204/UDEA_GatlingPS/src/test/scala/parabank/TransferTest.scala[0m
2025.10.07 20:43:39 INFO  no build target found for C:\Users\ASUS\Desktop\Pruebas de software [Electiva LINEA ENFASÍS IN DE SOF Y SIS DE IN]\Entregas\Practica 4\UDEA_GatlingPS\src\test\scala\parabank\TransferTest.scala. Using presentation compiler with project's scala-library version: 3.3.6[0m
2025.10.07 20:43:39 INFO  no build target found for C:\Users\ASUS\Desktop\Pruebas de software [Electiva LINEA ENFASÍS IN DE SOF Y SIS DE IN]\Entregas\Practica 4\UDEA_GatlingPS\src\test\scala\parabank\TransferTest.scala. Using presentation compiler with project's scala-library version: 3.3.6[0m
2025.10.07 20:43:40 WARN  no build target for: C:\Users\ASUS\Desktop\Pruebas de software [Electiva LINEA ENFASÍS IN DE SOF Y SIS DE IN]\Entregas\Practica 4\UDEA_GatlingPS\src\test\scala\parabank\TransferTest.scala[0m
2025.10.07 20:43:40 INFO  no build target found for C:\Users\ASUS\Desktop\Pruebas de software [Electiva LINEA ENFASÍS IN DE SOF Y SIS DE IN]\Entregas\Practica 4\UDEA_GatlingPS\src\test\scala\parabank\TransferTest.scala. Using presentation compiler with project's scala-library version: 3.3.6[0m
2025.10.07 20:43:40 INFO  no build target found for C:\Users\ASUS\Desktop\Pruebas de software [Electiva LINEA ENFASÍS IN DE SOF Y SIS DE IN]\Entregas\Practica 4\UDEA_GatlingPS\src\test\scala\parabank\TransferTest.scala. Using presentation compiler with project's scala-library version: 3.3.6[0m
2025.10.07 20:43:55 INFO  no build target found for C:\Users\ASUS\Desktop\Pruebas de software [Electiva LINEA ENFASÍS IN DE SOF Y SIS DE IN]\Entregas\Practica 4\UDEA_GatlingPS\src\test\scala\parabank\AccountsTest.scala. Using presentation compiler with project's scala-library version: 3.3.6[0m
2025.10.07 20:43:55 WARN  Could not find semantic tokens for: file:///C:/Users/ASUS/Desktop/Pruebas%20de%20software%20%5BElectiva%20LINEA%20ENFASÍS%20IN%20DE%20SOF%20Y%20SIS%20DE%20IN%5D/Entregas/Practica%204/UDEA_GatlingPS/src/test/scala/parabank/AccountsTest.scala[0m
2025.10.07 20:44:03 INFO  no build target found for C:\Users\ASUS\Desktop\Pruebas de software [Electiva LINEA ENFASÍS IN DE SOF Y SIS DE IN]\Entregas\Practica 4\UDEA_GatlingPS\src\test\scala\parabank\AccountsTest.scala. Using presentation compiler with project's scala-library version: 3.3.6[0m
2025.10.07 20:44:03 INFO  no build target found for C:\Users\ASUS\Desktop\Pruebas de software [Electiva LINEA ENFASÍS IN DE SOF Y SIS DE IN]\Entregas\Practica 4\UDEA_GatlingPS\src\test\scala\parabank\AccountsTest.scala. Using presentation compiler with project's scala-library version: 3.3.6[0m
2025.10.07 20:44:04 INFO  no build target found for C:\Users\ASUS\Desktop\Pruebas de software [Electiva LINEA ENFASÍS IN DE SOF Y SIS DE IN]\Entregas\Practica 4\UDEA_GatlingPS\src\test\scala\parabank\AccountsTest.scala. Using presentation compiler with project's scala-library version: 3.3.6[0m
2025.10.07 20:44:04 WARN  no build target for: C:\Users\ASUS\Desktop\Pruebas de software [Electiva LINEA ENFASÍS IN DE SOF Y SIS DE IN]\Entregas\Practica 4\UDEA_GatlingPS\src\test\scala\parabank\AccountsTest.scala[0m
2025.10.07 20:44:04 INFO  no build target found for C:\Users\ASUS\Desktop\Pruebas de software [Electiva LINEA ENFASÍS IN DE SOF Y SIS DE IN]\Entregas\Practica 4\UDEA_GatlingPS\src\test\scala\parabank\AccountsTest.scala. Using presentation compiler with project's scala-library version: 3.3.6[0m
2025.10.07 20:44:05 INFO  no build target found for C:\Users\ASUS\Desktop\Pruebas de software [Electiva LINEA ENFASÍS IN DE SOF Y SIS DE IN]\Entregas\Practica 4\UDEA_GatlingPS\src\test\scala\parabank\AccountsTest.scala. Using presentation compiler with project's scala-library version: 3.3.6[0m
2025.10.07 21:18:29 INFO  Shutting down server[0m
2025.10.07 21:18:29 INFO  shutting down Metals[0m
2025.10.07 21:18:29 INFO  Exiting server[0m
2025.10.07 21:18:29 ERROR Unexpected error initializing server: 
org.eclipse.lsp4j.jsonrpc.ResponseErrorException: Request window/showMessageRequest failed with message: Canceled
	at org.eclipse.lsp4j.jsonrpc.RemoteEndpoint.handleResponse(RemoteEndpoint.java:220)
	at org.eclipse.lsp4j.jsonrpc.RemoteEndpoint.consume(RemoteEndpoint.java:204)
	at org.eclipse.lsp4j.jsonrpc.json.StreamMessageProducer.handleMessage(StreamMessageProducer.java:185)
	at org.eclipse.lsp4j.jsonrpc.json.StreamMessageProducer.listen(StreamMessageProducer.java:97)
	at org.eclipse.lsp4j.jsonrpc.json.ConcurrentMessageProcessor.run(ConcurrentMessageProcessor.java:114)
	at java.util.concurrent.Executors$RunnableAdapter.call(Executors.java:572)
	at java.util.concurrent.FutureTask.run(FutureTask.java:317)
	at java.util.concurrent.ThreadPoolExecutor.runWorker(ThreadPoolExecutor.java:1144)
	at java.util.concurrent.ThreadPoolExecutor$Worker.run(ThreadPoolExecutor.java:642)
	at java.lang.Thread.run(Thread.java:1583)
[0m
